<?xml version="1.0" encoding="UTF-8"?>
<!-- Generated by org.testng.reporters.JUnitReportReporter -->
<testsuite hostname="Siddhartha" failures="0" tests="1" name="Test.TC_001_SignUpTest" time="5.539" errors="0" timestamp="2025-04-22T22:42:21 IST" skipped="0">
  <testcase classname="Test.TC_001_SignUpTest" name="verifySignUpButtonFunctionality" time="5.539"/>
</testsuite> <!-- Test.TC_001_SignUpTest -->
