<?xml version="1.0" encoding="UTF-8"?>
<!-- Generated by org.testng.reporters.JUnitReportReporter -->
<testsuite hostname="Siddhartha" failures="0" tests="1" name="Test.TC_002_LoginTest" time="10.552" errors="0" timestamp="2025-04-22T23:53:11 IST" skipped="0">
  <testcase classname="Test.TC_002_LoginTest" name="verifyLoginFunctionality" time="10.552"/>
</testsuite> <!-- Test.TC_002_LoginTest -->
