<?xml version="1.0" encoding="UTF-8"?>
<!-- Generated by org.testng.reporters.JUnitReportReporter -->
<testsuite hostname="Siddhartha" failures="0" tests="1" name="Test.TC_006_PurchaseTest" time="12.935" errors="0" timestamp="2025-04-22T23:53:11 IST" skipped="0">
  <testcase classname="Test.TC_006_PurchaseTest" name="verifyPurchaseFlow" time="12.935"/>
</testsuite> <!-- Test.TC_006_PurchaseTest -->
