<?xml version="1.0" encoding="UTF-8"?>
<!-- Generated by org.testng.reporters.JUnitReportReporter -->
<testsuite hostname="Siddhartha" failures="0" tests="1" name="Test.TC_003_ProductCategoriesAndDisplayTest" time="6.672" errors="0" timestamp="2025-04-22T22:42:21 IST" skipped="0">
  <testcase classname="Test.TC_003_ProductCategoriesAndDisplayTest" name="verifyHomePageElements" time="6.672"/>
</testsuite> <!-- Test.TC_003_ProductCategoriesAndDisplayTest -->
