<?xml version="1.0" encoding="UTF-8"?>
<!-- Generated by org.testng.reporters.JUnitReportReporter -->
<testsuite hostname="Siddhartha" failures="0" tests="1" name="Test.TC_001_SignUpTest" time="9.063" errors="0" timestamp="2025-04-22T23:53:11 IST" skipped="0">
  <testcase classname="Test.TC_001_SignUpTest" name="verifySignUpButtonFunctionality" time="9.063"/>
</testsuite> <!-- Test.TC_001_SignUpTest -->
