<?xml version="1.0" encoding="UTF-8"?>
<!-- Generated by org.testng.reporters.JUnitReportReporter -->
<testsuite hostname="Siddhartha" failures="0" tests="1" name="Test.TC_006_PurchaseTest" time="11.522" errors="0" timestamp="2025-04-22T22:42:21 IST" skipped="0">
  <testcase classname="Test.TC_006_PurchaseTest" name="verifyPurchaseFlow" time="11.522"/>
</testsuite> <!-- Test.TC_006_PurchaseTest -->
