<?xml version="1.0" encoding="UTF-8"?>
<!-- Generated by org.testng.reporters.JUnitReportReporter -->
<testsuite hostname="Siddhartha" failures="0" tests="1" name="Test.TC_004_ProductDetailTest" time="10.841" errors="0" timestamp="2025-04-22T23:53:11 IST" skipped="0">
  <testcase classname="Test.TC_004_ProductDetailTest" name="verifyProductDetailAndAddToCart" time="10.841"/>
</testsuite> <!-- Test.TC_004_ProductDetailTest -->
