<?xml version="1.0" encoding="UTF-8"?>
<!-- Generated by org.testng.reporters.JUnitReportReporter -->
<testsuite hostname="Siddhartha" failures="0" tests="1" name="Test.TC_005_CartFunctionalityTest" time="14.567" errors="0" timestamp="2025-04-22T23:53:11 IST" skipped="0">
  <testcase classname="Test.TC_005_CartFunctionalityTest" name="verifyCartFunctionality" time="14.567"/>
</testsuite> <!-- Test.TC_005_CartFunctionalityTest -->
