<?xml version="1.0" encoding="UTF-8"?>
<!-- Generated by org.testng.reporters.JUnitReportReporter -->
<testsuite hostname="Siddhartha" failures="0" tests="1" name="Test.TC_005_CartFunctionalityTest" time="13.706" errors="0" timestamp="2025-04-22T22:42:21 IST" skipped="0">
  <testcase classname="Test.TC_005_CartFunctionalityTest" name="verifyCartFunctionality" time="13.706"/>
</testsuite> <!-- Test.TC_005_CartFunctionalityTest -->
